<?xml version="1.0" encoding="UTF-8"?>
<!-- Generated by org.testng.reporters.JUnitReportReporter -->
<testsuite skipped="0" hostname="sistic-061-nb" name="com.test.services.ValidateAttributes" tests="3" failures="0" timestamp="2022-07-22T18:01:49 SGT" time="7.238" errors="0">
  <testcase name="verifyNameElement" time="6.361" classname="com.test.services.ValidateAttributes"/>
  <system-out/>
  <testcase name="verifyCanRelistElement" time="0.397" classname="com.test.services.ValidateAttributes"/>
  <system-out/>
  <testcase name="verifyPromotionsElement" time="0.480" classname="com.test.services.ValidateAttributes"/>
  <system-out/>
</testsuite> <!-- com.test.services.ValidateAttributes -->
