<?xml version="1.0" encoding="UTF-8"?>
<!-- Generated by org.testng.reporters.JUnitReportReporter -->
<testsuite skipped="0" hostname="sistic-061-nb" name="com.services.api.ValidateAttributes" tests="3" failures="0" timestamp="2022-07-22T18:05:17 SGT" time="10.713" errors="0">
  <testcase name="verifyNameElement" time="9.342" classname="com.services.api.ValidateAttributes"/>
  <system-out/>
  <testcase name="verifyCanRelistElement" time="0.523" classname="com.services.api.ValidateAttributes"/>
  <system-out/>
  <testcase name="verifyPromotionsElement" time="0.848" classname="com.services.api.ValidateAttributes"/>
  <system-out/>
</testsuite> <!-- com.services.api.ValidateAttributes -->
